2 1 1
3 2 2
4 3 2
5 4 3
6 4 2
7 6 4
8 5 2
9 6 4
10 7 3
11 8 4
12 5 2
13 10 6
14 7 2
15 8 4
16 10 4
17 10 5
18 6 2
19 12 6
20 7 2
21 12 6
22 13 4
23 10 4
24 5 2
25 14 8
26 12 3
27 11 4
28 11 4
29 14 6
30 7 2
31 18 8
32 9 2
33 12 6
34 13 4
35 11 4
36 12 4
37 20 9
38 10 2
39 10 4
40 13 4
41 18 8
42 9 2
43 20 8
44 9 2
45 14 6
46 20 6
47 12 4
48 5 2
49 20 10
50 15 3
51 19 6
52 14 4
53 17 6
54 7 2
55 18 8
56 16 4
57 20 8
58 17 4
59 12 4
60 5 2
61 26 12
62 13 2
63 12 4
64 21 6
65 18 7
66 17 4
67 24 8
68 9 2
69 15 6
70 13 4
71 22 8
72 9 2
73 26 12
74 13 2
75 13 4
76 22 6
77 18 6
78 15 4
79 23 8
80 9 2
81 24 10
82 21 5
83 15 4
84 5 2
85 30 12
86 21 4
87 14 4
88 13 4
89 20 8
90 9 2
91 32 12
92 23 4
93 18 6
94 17 4
95 10 4
96 14 4
97 26 12
98 13 2
99 20 6
100 23 6
101 29 9
