1 1
2 2
3 3
4 4
5 4
6 6
7 5
8 6
9 7
10 8
11 5
12 10
13 7
14 8
15 10
16 10
17 6
18 12
19 7
20 12
21 13
22 10
23 5
24 14
25 12
26 11
27 11
28 14
29 7
30 18
31 9
32 12
33 13
34 11
35 12
36 20
37 10
38 10
39 13
40 18
41 9
42 20
43 9
44 14
45 20
46 12
47 5
48 20
49 15
50 19
51 14
52 17
53 7
54 18
55 16
56 20
57 17
58 12
59 5
60 26
61 13
62 12
63 21
64 18
65 17
66 24
67 9
68 15
69 13
70 22
71 9
72 26
73 13
74 13
75 22
76 18
77 15
78 23
79 9
80 24
81 21
82 15
83 5
84 30
85 21
86 14
87 13
88 20
89 9
90 32
91 23
92 18
93 17
94 10
95 14
96 26
97 13
98 20
99 23
100 29
