1666666716666667
1666666750000001
2500000175000003
2500000225000005
1666666850000005
10183300712831
2500000375000014
2500000425000018
1000000190000009
1666667016666685
2500000575000033
2500000625000039
1666667116666697
1666667150000035
2500000775000060
2500000825000068
1666667250000051
714285978571453
2500000975000095
2500001025000105
454545650000021
1666667416666751
2500001175000138
2500001225000150
1666667516666775
1666667550000117
2500001375000189
2500001425000203
1666667650000145
1000000610000093
2500001575000248
2500001625000264
714286192857223
1666667816666865
2500001775000315
2500001825000333
1666667916666901
1666667950000247
2500001975000390
2500002025000410
1666668050000287
454545840909173
2500002175000473
2500002225000495
1000000910000207
1666668216667027
2500002375000564
2500002425000588
1666668316667075
1666668350000425
2500002575000663
2500002625000689
1666668450000477
1000001090000297
2500002775000770
2500002825000798
20746911825733
1666668616667237
2500002975000885
2500003025000915
1666668716667297
1666668750000651
2500003175001008
2500003225001040
1666668850000715
217391593478357
2500003375001139
2500003425001173
1000001390000483
1666669016667495
2500003575001278
2500003625001314
1666669116667567
1666669150000925
2500003775001425
2500003825001463
1666669250001001
263158307894899
2500003975001580
2500004025001620
714286878571903
1666669416667801
2500004175001743
2500004225001785
1666669516667885
1666669550001247
2500004375001914
2500004425001958
1666669650001335
1000001810000819
2500004575002093
2500004625002139
10266959650933
1666669816668155
2500004775002280
2500004825002328
1666669916668251
1666669950001617
2500004975002475
2500005025002525
