1 0 2 0
1 1 2 1
3 1 4 1
1 0 2 0
1 1 2 1
1 2 2 2
1 3 2 3
1 4 2 4
1 5 2 5
1 6 2 6
5 0 6 0
5 2 6 2
5 3 6 3
5 4 6 4
5 5 6 5
3 1 4 1
9 0 10 0
9 3 10 3
9 4 10 4
7 2 8 2
3 2 4 2
13 0 14 0
11 3 12 3
7 3 8 3
3 3 4 3
11 2 12 2
7 4 8 4
3 4 4 4
7 4 8 4
3 5 4 5
3 6 4 6
1 0 2 0
1 1 2 1
1 2 2 2
1 3 2 3
1 4 2 4
1 5 2 5
1 6 2 6
1 7 2 7
5 0 6 0
5 2 6 2
5 3 6 3
5 4 6 4
5 5 6 5
5 6 6 6
3 1 4 1
9 0 10 0
9 3 10 3
9 4 10 4
9 5 10 5
7 2 8 2
3 2 4 2
13 0 14 0
13 4 14 4
11 3 12 3
7 3 8 3
3 3 4 3
15 1 16 1
11 4 12 4
7 4 8 4
3 4 4 4
11 3 12 3
7 5 8 5
3 5 4 5
7 5 8 5
3 6 4 6
3 7 4 7
